<?xml version="1.0" encoding="UTF-8"?>
<!-- Generated by org.testng.reporters.JUnitReportReporter -->
<testsuite hostname="NODE2225" failures="0" tests="5" name="practice.Testngexp1" time="0.017" errors="0" timestamp="2024-12-18T11:12:47 IST" skipped="0">
  <testcase classname="practice.Testngexp1" name="mobileTest4" time="0.001"/>
  <testcase classname="practice.Testngexp1" name="mobileTest5" time="0.002"/>
  <testcase classname="practice.Testngexp1" name="mobileTest2" time="0.003"/>
  <testcase classname="practice.Testngexp1" name="mobileTest6" time="0.002"/>
  <testcase classname="practice.Testngexp1" name="mobileTest1" time="0.009"/>
</testsuite> <!-- practice.Testngexp1 -->
