<?xml version="1.0" encoding="UTF-8"?>
<!-- Generated by org.testng.reporters.JUnitReportReporter -->
<testsuite hostname="NODE2225" failures="0" tests="2" name="practice.Testngexp" time="0.009" errors="0" timestamp="2024-12-03T11:33:45 IST" skipped="0">
  <testcase classname="practice.Testngexp" name="check1" time="0.008"/>
  <testcase classname="practice.Testngexp" name="check2" time="0.001"/>
</testsuite> <!-- practice.Testngexp -->
