<?xml version="1.0" encoding="UTF-8"?>
<!-- Generated by org.testng.reporters.JUnitReportReporter -->
<testsuite hostname="NODE2225" failures="0" tests="6" name="testngprg.Mobiletests" time="0.008" errors="0" timestamp="2024-12-16T14:01:03 IST" skipped="0">
  <testcase classname="testngprg.Mobiletests" name="mobileTest4" time="0.002"/>
  <testcase classname="testngprg.Mobiletests" name="mobileTest2" time="0.001"/>
  <testcase classname="testngprg.Mobiletests" name="mobileTest1" time="0.001"/>
  <testcase classname="testngprg.Mobiletests" name="mobileTest3" time="0.001"/>
  <testcase classname="testngprg.Mobiletests" name="mobileTest6" time="0.001"/>
  <testcase classname="testngprg.Mobiletests" name="mobileTest5" time="0.002"/>
</testsuite> <!-- testngprg.Mobiletests -->
