<?xml version="1.0" encoding="UTF-8"?>
<!-- Generated by org.testng.reporters.JUnitReportReporter -->
<testsuite hostname="NODE2225" failures="0" tests="5" name="testngprg.Helperattributes" time="0.008" errors="0" timestamp="2024-12-16T14:01:03 IST" skipped="1">
  <testcase classname="testngprg.Helperattributes" name="timeouttest" time="0.004"/>
  <testcase classname="testngprg.Helperattributes" name="dependsontest1" time="0.001"/>
  <testcase classname="testngprg.Helperattributes" name="adependsontest2" time="0.000"/>
  <testcase classname="testngprg.Helperattributes" name="dependsontest1" time="0.003"/>
  <testcase classname="testngprg.Helperattributes" name="enabledtruefalse">
    <skipped/>
  </testcase> <!-- enabledtruefalse -->
</testsuite> <!-- testngprg.Helperattributes -->
