<?xml version="1.0" encoding="UTF-8"?>
<!-- Generated by org.testng.reporters.JUnitReportReporter -->
<testsuite hostname="NODE2225" failures="0" tests="2" name="practice.CarLoan" time="0.001" errors="0" timestamp="2024-12-18T11:12:47 IST" skipped="1">
  <testcase classname="practice.CarLoan" name="check2" time="0.001"/>
  <testcase classname="practice.CarLoan" name="check1">
    <skipped/>
  </testcase> <!-- check1 -->
</testsuite> <!-- practice.CarLoan -->
