<?xml version="1.0" encoding="UTF-8"?>
<!-- Generated by org.testng.reporters.JUnitReportReporter -->
<testsuite hostname="NODE2225" failures="0" tests="1" name="extendReport.Standalone" time="4.749" errors="0" timestamp="2025-01-03T20:18:39 IST" skipped="0">
  <testcase classname="extendReport.Standalone" name="extentReportTest" time="4.749"/>
</testsuite> <!-- extendReport.Standalone -->
