<?xml version="1.0" encoding="UTF-8"?>
<!-- Generated by org.testng.reporters.JUnitReportReporter -->
<testsuite hostname="NODE2225" failures="0" tests="1" name="practice.HomeLoan" time="0.009" errors="0" timestamp="2024-12-18T11:12:47 IST" skipped="0">
  <testcase classname="practice.HomeLoan" name="check4" time="0.009"/>
</testsuite> <!-- practice.HomeLoan -->
