<?xml version="1.0" encoding="UTF-8"?>
<!-- Generated by org.testng.reporters.JUnitReportReporter -->
<testsuite hostname="NODE2225" failures="0" tests="2" name="practice.Testngexp2" time="0.002" errors="0" timestamp="2024-12-18T11:12:47 IST" skipped="0">
  <testcase classname="practice.Testngexp2" name="test3" time="0.001"/>
  <testcase classname="practice.Testngexp2" name="test1" time="0.001"/>
</testsuite> <!-- practice.Testngexp2 -->
