<?xml version="1.0" encoding="UTF-8"?>
<!-- Generated by org.testng.reporters.JUnitReportReporter -->
<testsuite hostname="NODE2225" failures="0" tests="1" name="APITests.POSTReq" time="1.998" errors="0" timestamp="2024-10-17T17:30:00 IST" skipped="0">
  <testcase classname="APITests.POSTReq" name="Test4_POST" time="1.998"/>
</testsuite> <!-- APITests.POSTReq -->
