<?xml version="1.0" encoding="UTF-8"?>
<!-- Generated by org.testng.reporters.JUnitReportReporter -->
<testsuite hostname="NODE2225" failures="0" tests="1" name="APITests.GETReq" time="2.215" errors="0" timestamp="2024-10-18T13:38:51 IST" skipped="0">
  <testcase classname="APITests.GETReq" name="Test4_GET" time="2.215"/>
</testsuite> <!-- APITests.GETReq -->
