<?xml version="1.0" encoding="UTF-8"?>
<!-- Generated by org.testng.reporters.JUnitReportReporter -->
<testsuite hostname="NODE2225" failures="0" tests="1" name="APITests.PUTReq" time="2.160" errors="0" timestamp="2024-10-17T18:41:07 IST" skipped="0">
  <testcase classname="APITests.PUTReq" name="Test7_DELETE" time="2.160"/>
</testsuite> <!-- APITests.PUTReq -->
